00:00:00.041 [scheduling-1] INFO  c.s.r.scheduler.MyScheduler - Scheduler triggered for Every hour on 2022/05/05 00:00:00
00:17:21.677 [restartedMain] INFO  c.s.r.RestCrudApiTutorialApplication - Starting RestCrudApiTutorialApplication using Java 17.0.2 on DESKTOP-9JL74QH with PID 30112 (C:\Users\NORUL\Downloads\rest-crud-api-tutorial\target\classes started by NORUL in C:\Users\NORUL\Downloads\java-core-tutorials)
00:17:21.678 [restartedMain] DEBUG c.s.r.RestCrudApiTutorialApplication - Running with Spring Boot v2.6.3, Spring v5.3.15
00:17:21.678 [restartedMain] INFO  c.s.r.RestCrudApiTutorialApplication - No active profile set, falling back to default profiles: default
00:17:25.296 [restartedMain] INFO  c.s.r.RestCrudApiTutorialApplication - Started RestCrudApiTutorialApplication in 3.862 seconds (JVM running for 4.292)
00:17:25.299 [restartedMain] INFO  c.s.r.startup.MyStartup - Application name: rest-api-tutorials just loaded!
00:17:25.300 [restartedMain] INFO  c.s.r.RestCrudApiTutorialApplication - App started
00:17:34.432 [http-nio-9090-exec-1] INFO  c.s.r.service.EmployeeService - Getting all employees...
00:17:34.432 [http-nio-9090-exec-1] DEBUG c.s.r.service.EmployeeService - sefaes
01:00:00.038 [scheduling-1] INFO  c.s.r.scheduler.MyScheduler - Scheduler triggered for Every hour on 2022/05/05 01:00:00
02:00:00.004 [scheduling-1] INFO  c.s.r.scheduler.MyScheduler - Scheduler triggered for Every hour on 2022/05/05 02:00:00
15:31:12.570 [restartedMain] INFO  c.s.r.RestCrudApiTutorialApplication - Starting RestCrudApiTutorialApplication using Java 17.0.2 on DESKTOP-9JL74QH with PID 32384 (C:\Users\NORUL\Downloads\rest-crud-api-tutorial\target\classes started by NORUL in C:\Users\NORUL\Downloads\java-core-tutorials)
15:31:12.571 [restartedMain] DEBUG c.s.r.RestCrudApiTutorialApplication - Running with Spring Boot v2.6.3, Spring v5.3.15
15:31:12.571 [restartedMain] INFO  c.s.r.RestCrudApiTutorialApplication - No active profile set, falling back to default profiles: default
15:31:16.206 [restartedMain] INFO  c.s.r.RestCrudApiTutorialApplication - Started RestCrudApiTutorialApplication in 3.889 seconds (JVM running for 4.354)
15:31:16.209 [restartedMain] INFO  c.s.r.startup.MyStartup - Application name: rest-api-tutorials just loaded!
15:31:16.210 [restartedMain] INFO  c.s.r.RestCrudApiTutorialApplication - App started
15:37:43.845 [restartedMain] INFO  c.s.r.RestCrudApiTutorialApplication - Starting RestCrudApiTutorialApplication using Java 17.0.2 on DESKTOP-9JL74QH with PID 30564 (C:\Users\NORUL\Downloads\rest-crud-api-tutorial\target\classes started by NORUL in C:\Users\NORUL\Downloads\java-core-tutorials)
15:37:43.846 [restartedMain] INFO  c.s.r.RestCrudApiTutorialApplication - No active profile set, falling back to default profiles: default
15:37:47.231 [restartedMain] INFO  c.s.r.RestCrudApiTutorialApplication - Started RestCrudApiTutorialApplication in 3.618 seconds (JVM running for 4.021)
15:37:47.233 [restartedMain] INFO  c.s.r.startup.MyStartup - Application name: rest-api-tutorials just loaded!
15:37:47.234 [restartedMain] INFO  c.s.r.RestCrudApiTutorialApplication - App started
15:37:59.601 [http-nio-9090-exec-2] INFO  c.s.r.service.EmployeeService - Getting all employees...
15:44:45.265 [restartedMain] INFO  c.s.r.RestCrudApiTutorialApplication - Starting RestCrudApiTutorialApplication using Java 17.0.2 on DESKTOP-9JL74QH with PID 31080 (C:\Users\NORUL\Downloads\rest-crud-api-tutorial\target\classes started by NORUL in C:\Users\NORUL\Downloads\java-core-tutorials)
15:44:45.265 [restartedMain] DEBUG c.s.r.RestCrudApiTutorialApplication - Running with Spring Boot v2.6.3, Spring v5.3.15
15:44:45.266 [restartedMain] INFO  c.s.r.RestCrudApiTutorialApplication - No active profile set, falling back to default profiles: default
15:44:48.703 [restartedMain] INFO  c.s.r.RestCrudApiTutorialApplication - Started RestCrudApiTutorialApplication in 3.672 seconds (JVM running for 4.09)
15:44:48.705 [restartedMain] INFO  c.s.r.startup.MyStartup - Application name: rest-api-tutorials just loaded!
15:44:48.706 [restartedMain] INFO  c.s.r.RestCrudApiTutorialApplication - App started
15:44:59.951 [http-nio-9090-exec-1] INFO  c.s.r.service.EmployeeService - Getting all employees...
15:44:59.951 [http-nio-9090-exec-1] DEBUG c.s.r.service.EmployeeService - sefaes
15:57:47.904 [restartedMain] INFO  c.s.r.RestCrudApiTutorialApplication - Starting RestCrudApiTutorialApplication using Java 17.0.2 on DESKTOP-9JL74QH with PID 2784 (C:\Users\NORUL\Downloads\rest-crud-api-tutorial\target\classes started by NORUL in C:\Users\NORUL\Downloads\java-core-tutorials)
15:57:47.904 [restartedMain] DEBUG c.s.r.RestCrudApiTutorialApplication - Running with Spring Boot v2.6.3, Spring v5.3.15
15:57:47.904 [restartedMain] INFO  c.s.r.RestCrudApiTutorialApplication - No active profile set, falling back to default profiles: default
15:57:51.273 [restartedMain] INFO  c.s.r.RestCrudApiTutorialApplication - Started RestCrudApiTutorialApplication in 3.607 seconds (JVM running for 4.009)
15:57:51.275 [restartedMain] INFO  c.s.r.startup.MyStartup - Application name: rest-api-tutorials just loaded!
15:57:51.276 [restartedMain] INFO  c.s.r.RestCrudApiTutorialApplication - App started
16:00:00.036 [scheduling-1] INFO  c.s.r.scheduler.MyScheduler - Scheduler triggered for Every hour on 2022/05/05 16:00:00
16:04:07.970 [restartedMain] INFO  c.s.r.RestCrudApiTutorialApplication - Starting RestCrudApiTutorialApplication using Java 17.0.2 on DESKTOP-9JL74QH with PID 24932 (C:\Users\NORUL\Downloads\rest-crud-api-tutorial\target\classes started by NORUL in C:\Users\NORUL\Downloads\java-core-tutorials)
16:04:07.970 [restartedMain] DEBUG c.s.r.RestCrudApiTutorialApplication - Running with Spring Boot v2.6.3, Spring v5.3.15
16:04:07.970 [restartedMain] INFO  c.s.r.RestCrudApiTutorialApplication - No active profile set, falling back to default profiles: default
16:04:11.317 [restartedMain] INFO  c.s.r.RestCrudApiTutorialApplication - Started RestCrudApiTutorialApplication in 3.577 seconds (JVM running for 3.974)
16:04:11.319 [restartedMain] INFO  c.s.r.startup.MyStartup - Application name: rest-api-tutorials just loaded!
16:04:11.320 [restartedMain] INFO  c.s.r.RestCrudApiTutorialApplication - App started
16:04:24.654 [restartedMain] INFO  c.s.r.RestCrudApiTutorialApplication - Starting RestCrudApiTutorialApplication using Java 17.0.2 on DESKTOP-9JL74QH with PID 10580 (C:\Users\NORUL\Downloads\rest-crud-api-tutorial\target\classes started by NORUL in C:\Users\NORUL\Downloads\java-core-tutorials)
16:04:24.654 [restartedMain] DEBUG c.s.r.RestCrudApiTutorialApplication - Running with Spring Boot v2.6.3, Spring v5.3.15
16:04:24.654 [restartedMain] INFO  c.s.r.RestCrudApiTutorialApplication - No active profile set, falling back to default profiles: default
16:04:28.098 [restartedMain] INFO  c.s.r.RestCrudApiTutorialApplication - Started RestCrudApiTutorialApplication in 3.679 seconds (JVM running for 4.102)
16:04:28.100 [restartedMain] INFO  c.s.r.startup.MyStartup - Application name: rest-api-tutorials just loaded!
16:04:28.101 [restartedMain] INFO  c.s.r.RestCrudApiTutorialApplication - App started
16:06:17.809 [restartedMain] INFO  c.s.r.RestCrudApiTutorialApplication - Starting RestCrudApiTutorialApplication using Java 17.0.2 on DESKTOP-9JL74QH with PID 27340 (C:\Users\NORUL\Downloads\rest-crud-api-tutorial\target\classes started by NORUL in C:\Users\NORUL\Downloads\java-core-tutorials)
16:06:17.809 [restartedMain] DEBUG c.s.r.RestCrudApiTutorialApplication - Running with Spring Boot v2.6.3, Spring v5.3.15
16:06:17.810 [restartedMain] INFO  c.s.r.RestCrudApiTutorialApplication - No active profile set, falling back to default profiles: default
16:06:21.006 [restartedMain] INFO  c.s.r.RestCrudApiTutorialApplication - Started RestCrudApiTutorialApplication in 3.437 seconds (JVM running for 3.845)
16:06:21.008 [restartedMain] INFO  c.s.r.startup.MyStartup - Application name: rest-api-tutorials just loaded!
16:06:21.009 [restartedMain] INFO  c.s.r.RestCrudApiTutorialApplication - App started
16:07:20.347 [restartedMain] INFO  c.s.r.RestCrudApiTutorialApplication - Starting RestCrudApiTutorialApplication using Java 17.0.2 on DESKTOP-9JL74QH with PID 25640 (C:\Users\NORUL\Downloads\rest-crud-api-tutorial\target\classes started by NORUL in C:\Users\NORUL\Downloads\java-core-tutorials)
16:07:20.347 [restartedMain] DEBUG c.s.r.RestCrudApiTutorialApplication - Running with Spring Boot v2.6.3, Spring v5.3.15
16:07:20.347 [restartedMain] INFO  c.s.r.RestCrudApiTutorialApplication - No active profile set, falling back to default profiles: default
16:07:23.620 [restartedMain] INFO  c.s.r.RestCrudApiTutorialApplication - Started RestCrudApiTutorialApplication in 3.509 seconds (JVM running for 3.931)
16:07:23.622 [restartedMain] INFO  c.s.r.startup.MyStartup - Application name: rest-api-tutorials just loaded!
16:07:23.622 [restartedMain] INFO  c.s.r.RestCrudApiTutorialApplication - App started
16:10:28.429 [restartedMain] INFO  c.s.r.RestCrudApiTutorialApplication - Starting RestCrudApiTutorialApplication using Java 17.0.2 on DESKTOP-9JL74QH with PID 13140 (C:\Users\NORUL\Downloads\rest-crud-api-tutorial\target\classes started by NORUL in C:\Users\NORUL\Downloads\java-core-tutorials)
16:10:28.429 [restartedMain] INFO  c.s.r.RestCrudApiTutorialApplication - No active profile set, falling back to default profiles: default
16:10:31.736 [restartedMain] INFO  c.s.r.RestCrudApiTutorialApplication - Started RestCrudApiTutorialApplication in 3.544 seconds (JVM running for 3.951)
16:10:31.739 [restartedMain] INFO  c.s.r.startup.MyStartup - Application name: rest-api-tutorials just loaded!
16:10:31.740 [restartedMain] INFO  c.s.r.RestCrudApiTutorialApplication - App started
16:10:48.450 [restartedMain] INFO  c.s.r.RestCrudApiTutorialApplication - Starting RestCrudApiTutorialApplication using Java 17.0.2 on DESKTOP-9JL74QH with PID 11996 (C:\Users\NORUL\Downloads\rest-crud-api-tutorial\target\classes started by NORUL in C:\Users\NORUL\Downloads\java-core-tutorials)
16:10:48.450 [restartedMain] INFO  c.s.r.RestCrudApiTutorialApplication - No active profile set, falling back to default profiles: default
16:10:51.828 [restartedMain] INFO  c.s.r.RestCrudApiTutorialApplication - Started RestCrudApiTutorialApplication in 3.614 seconds (JVM running for 4.027)
16:10:51.830 [restartedMain] INFO  c.s.r.startup.MyStartup - Application name: rest-api-tutorials just loaded!
16:10:51.831 [restartedMain] INFO  c.s.r.RestCrudApiTutorialApplication - App started
16:11:39.692 [background-preinit] INFO  o.h.validator.internal.util.Version - HV000001: Hibernate Validator 6.2.0.Final
16:11:39.694 [restartedMain] INFO  c.s.r.RestCrudApiTutorialApplication - Starting RestCrudApiTutorialApplication using Java 17.0.2 on DESKTOP-9JL74QH with PID 22652 (C:\Users\NORUL\Downloads\rest-crud-api-tutorial\target\classes started by NORUL in C:\Users\NORUL\Downloads\java-core-tutorials)
16:11:39.695 [restartedMain] INFO  c.s.r.RestCrudApiTutorialApplication - No active profile set, falling back to default profiles: default
16:11:39.725 [restartedMain] INFO  o.s.b.d.e.DevToolsPropertyDefaultsPostProcessor - Devtools property defaults active! Set 'spring.devtools.add-properties' to 'false' to disable
16:11:39.725 [restartedMain] INFO  o.s.b.d.e.DevToolsPropertyDefaultsPostProcessor - For additional web related logging consider setting the 'logging.level.web' property to 'DEBUG'
16:11:40.266 [restartedMain] INFO  o.s.d.r.c.RepositoryConfigurationDelegate - Bootstrapping Spring Data JPA repositories in DEFAULT mode.
16:11:40.303 [restartedMain] INFO  o.s.d.r.c.RepositoryConfigurationDelegate - Finished Spring Data repository scanning in 31 ms. Found 1 JPA repository interfaces.
16:11:40.809 [restartedMain] INFO  o.s.b.w.e.tomcat.TomcatWebServer - Tomcat initialized with port(s): 9090 (http)
16:11:40.819 [restartedMain] INFO  o.a.coyote.http11.Http11NioProtocol - Initializing ProtocolHandler ["http-nio-9090"]
16:11:40.819 [restartedMain] INFO  o.a.catalina.core.StandardService - Starting service [Tomcat]
16:11:40.819 [restartedMain] INFO  o.a.catalina.core.StandardEngine - Starting Servlet engine: [Apache Tomcat/9.0.56]
16:11:40.887 [restartedMain] INFO  o.a.c.c.C.[Tomcat].[localhost].[/] - Initializing Spring embedded WebApplicationContext
16:11:40.887 [restartedMain] INFO  o.s.b.w.s.c.ServletWebServerApplicationContext - Root WebApplicationContext: initialization completed in 1161 ms
16:11:41.038 [restartedMain] INFO  o.h.jpa.internal.util.LogHelper - HHH000204: Processing PersistenceUnitInfo [name: default]
16:11:41.075 [restartedMain] INFO  org.hibernate.Version - HHH000412: Hibernate ORM core version 5.6.4.Final
16:11:41.197 [restartedMain] INFO  o.h.annotations.common.Version - HCANN000001: Hibernate Commons Annotations {5.1.2.Final}
16:11:41.290 [restartedMain] INFO  com.zaxxer.hikari.HikariDataSource - HikariPool-1 - Starting...
16:11:41.486 [restartedMain] INFO  com.zaxxer.hikari.HikariDataSource - HikariPool-1 - Start completed.
16:11:41.496 [restartedMain] INFO  org.hibernate.dialect.Dialect - HHH000400: Using dialect: org.hibernate.dialect.MySQL8Dialect
16:11:41.959 [restartedMain] INFO  o.h.e.t.j.p.i.JtaPlatformInitiator - HHH000490: Using JtaPlatform implementation: [org.hibernate.engine.transaction.jta.platform.internal.NoJtaPlatform]
16:11:41.964 [restartedMain] INFO  o.s.o.j.LocalContainerEntityManagerFactoryBean - Initialized JPA EntityManagerFactory for persistence unit 'default'
16:11:42.463 [restartedMain] WARN  o.s.b.a.o.j.JpaBaseConfiguration$JpaWebConfiguration - spring.jpa.open-in-view is enabled by default. Therefore, database queries may be performed during view rendering. Explicitly configure spring.jpa.open-in-view to disable this warning
16:11:42.596 [restartedMain] INFO  s.d.s.w.PropertySourcedRequestMappingHandlerMapping - Mapped URL path [/v2/api-docs] onto method [springfox.documentation.swagger2.web.Swagger2Controller#getDocumentation(String, HttpServletRequest)]
16:11:42.717 [restartedMain] INFO  o.s.b.d.a.OptionalLiveReloadServer - LiveReload server is running on port 35729
16:11:42.875 [restartedMain] INFO  o.a.coyote.http11.Http11NioProtocol - Starting ProtocolHandler ["http-nio-9090"]
16:11:42.888 [restartedMain] INFO  o.s.b.w.e.tomcat.TomcatWebServer - Tomcat started on port(s): 9090 (http) with context path ''
16:11:42.889 [restartedMain] INFO  s.d.s.w.p.DocumentationPluginsBootstrapper - Context refreshed
16:11:42.905 [restartedMain] INFO  s.d.s.w.p.DocumentationPluginsBootstrapper - Found 1 custom documentation plugin(s)
16:11:42.929 [restartedMain] INFO  s.d.s.w.s.ApiListingReferenceScanner - Scanning for api listing references
16:11:43.040 [restartedMain] INFO  c.s.r.RestCrudApiTutorialApplication - Started RestCrudApiTutorialApplication in 3.585 seconds (JVM running for 3.982)
16:11:43.043 [restartedMain] INFO  c.s.r.startup.MyStartup - Application name: rest-api-tutorials just loaded!
